  [1m[35m (2.8ms)[0m  [1m[35mCREATE DATABASE "react_rails_api_project_template_development" ENCODING = 'unicode'[0m
  [1m[35m (0.9ms)[0m  [1m[35mCREATE DATABASE "react_rails_api_project_template_test" ENCODING = 'unicode'[0m
  [1m[35m (1.1ms)[0m  [1m[34mSELECT pg_try_advisory_lock(1087325618115650655)[0m
  [1m[35m (3.3ms)[0m  [1m[34mSELECT "schema_migrations"."version" FROM "schema_migrations" ORDER BY "schema_migrations"."version" ASC[0m
Migrating to CreateUsers (20220427132125)
  [1m[36mTRANSACTION (23.1ms)[0m  [1m[35mBEGIN[0m
  [1m[35m (18.6ms)[0m  [1m[35mCREATE TABLE "users" ("id" bigserial primary key, "username" character varying, "password_digest" character varying, "created_at" timestamp(6) NOT NULL, "updated_at" timestamp(6) NOT NULL)[0m
  [1m[36mTRANSACTION (0.2ms)[0m  [1m[31mROLLBACK[0m
  [1m[35m (0.3ms)[0m  [1m[34mSELECT pg_advisory_unlock(1087325618115650655)[0m
  [1m[35m (0.6ms)[0m  [1m[34mSELECT "schema_migrations"."version" FROM "schema_migrations" ORDER BY "schema_migrations"."version" ASC[0m
  [1m[35m (2.1ms)[0m  [1m[34mSELECT "ar_internal_metadata"."value" FROM "ar_internal_metadata" WHERE "ar_internal_metadata"."key" = $1[0m  [["key", "environment"]]
  [1m[35m (0.4ms)[0m  [1m[34mSELECT "schema_migrations"."version" FROM "schema_migrations" ORDER BY "schema_migrations"."version" ASC[0m
  [1m[35m (0.3ms)[0m  [1m[34mSELECT "ar_internal_metadata"."value" FROM "ar_internal_metadata" WHERE "ar_internal_metadata"."key" = $1[0m  [["key", "environment"]]
  [1m[35m (0.3ms)[0m  [1m[34mSELECT "schema_migrations"."version" FROM "schema_migrations" ORDER BY "schema_migrations"."version" ASC[0m
  [1m[35m (0.2ms)[0m  [1m[34mSELECT "ar_internal_metadata"."value" FROM "ar_internal_metadata" WHERE "ar_internal_metadata"."key" = $1[0m  [["key", "environment"]]
  [1m[35m (96.2ms)[0m  [1m[35mDROP DATABASE IF EXISTS "react_rails_api_project_template_development"[0m
  [1m[35m (58.1ms)[0m  [1m[35mDROP DATABASE IF EXISTS "react_rails_api_project_template_test"[0m
  [1m[35m (258.7ms)[0m  [1m[35mCREATE DATABASE "react_rails_api_project_template_development" ENCODING = 'unicode'[0m
  [1m[35m (151.6ms)[0m  [1m[35mCREATE DATABASE "react_rails_api_project_template_test" ENCODING = 'unicode'[0m
  [1m[35m (51.3ms)[0m  [1m[35mCREATE TABLE "schema_migrations" ("version" character varying NOT NULL PRIMARY KEY)[0m
  [1m[35m (45.3ms)[0m  [1m[35mCREATE TABLE "ar_internal_metadata" ("key" character varying NOT NULL PRIMARY KEY, "value" character varying, "created_at" timestamp(6) NOT NULL, "updated_at" timestamp(6) NOT NULL)[0m
  [1m[35m (0.6ms)[0m  [1m[34mSELECT pg_try_advisory_lock(1087325618115650655)[0m
  [1m[35m (0.6ms)[0m  [1m[34mSELECT "schema_migrations"."version" FROM "schema_migrations" ORDER BY "schema_migrations"."version" ASC[0m
Migrating to CreateUsers (20220427132125)
  [1m[36mTRANSACTION (0.2ms)[0m  [1m[35mBEGIN[0m
  [1m[35m (29.3ms)[0m  [1m[35mCREATE TABLE "users" ("id" bigserial primary key, "username" character varying, "password_digest" character varying, "created_at" timestamp(6) NOT NULL, "updated_at" timestamp(6) NOT NULL)[0m
  [1m[36mActiveRecord::SchemaMigration Create (4.4ms)[0m  [1m[32mINSERT INTO "schema_migrations" ("version") VALUES ($1) RETURNING "version"[0m  [["version", "20220427132125"]]
  [1m[36mTRANSACTION (0.5ms)[0m  [1m[35mCOMMIT[0m
Migrating to CreatePatients (20220427132151)
  [1m[36mTRANSACTION (40.4ms)[0m  [1m[35mBEGIN[0m
  [1m[35m (6.7ms)[0m  [1m[35mCREATE TABLE "patients" ("id" bigserial primary key, "user_id" bigint NOT NULL, "name" integer, "created_at" timestamp(6) NOT NULL, "updated_at" timestamp(6) NOT NULL, CONSTRAINT "fk_rails_623f05c630"
FOREIGN KEY ("user_id")
  REFERENCES "users" ("id")
)[0m
  [1m[35m (1.7ms)[0m  [1m[35mCREATE INDEX "index_patients_on_user_id" ON "patients" ("user_id")[0m
  [1m[36mActiveRecord::SchemaMigration Create (0.8ms)[0m  [1m[32mINSERT INTO "schema_migrations" ("version") VALUES ($1) RETURNING "version"[0m  [["version", "20220427132151"]]
  [1m[36mTRANSACTION (0.5ms)[0m  [1m[35mCOMMIT[0m
Migrating to CreateDevices (20220427132202)
  [1m[36mTRANSACTION (40.0ms)[0m  [1m[35mBEGIN[0m
  [1m[35m (4.6ms)[0m  [1m[35mCREATE TABLE "devices" ("id" bigserial primary key, "patient_id" bigint NOT NULL, "ankle_angle" integer, "sva" character varying, "type" character varying, "footwear" character varying, "created_at" timestamp(6) NOT NULL, "updated_at" timestamp(6) NOT NULL, CONSTRAINT "fk_rails_cc84773d6d"
FOREIGN KEY ("patient_id")
  REFERENCES "patients" ("id")
)[0m
  [1m[35m (1.3ms)[0m  [1m[35mCREATE INDEX "index_devices_on_patient_id" ON "devices" ("patient_id")[0m
  [1m[36mActiveRecord::SchemaMigration Create (0.6ms)[0m  [1m[32mINSERT INTO "schema_migrations" ("version") VALUES ($1) RETURNING "version"[0m  [["version", "20220427132202"]]
  [1m[36mTRANSACTION (42.9ms)[0m  [1m[35mCOMMIT[0m
  [1m[36mActiveRecord::InternalMetadata Load (0.6ms)[0m  [1m[34mSELECT "ar_internal_metadata".* FROM "ar_internal_metadata" WHERE "ar_internal_metadata"."key" = $1 LIMIT $2[0m  [["key", "environment"], ["LIMIT", 1]]
  [1m[36mTRANSACTION (0.1ms)[0m  [1m[35mBEGIN[0m
  [1m[36mActiveRecord::InternalMetadata Create (41.1ms)[0m  [1m[32mINSERT INTO "ar_internal_metadata" ("key", "value", "created_at", "updated_at") VALUES ($1, $2, $3, $4) RETURNING "key"[0m  [["key", "environment"], ["value", "development"], ["created_at", "2022-04-27 15:01:17.380843"], ["updated_at", "2022-04-27 15:01:17.380843"]]
  [1m[36mTRANSACTION (2.6ms)[0m  [1m[35mCOMMIT[0m
  [1m[35m (0.4ms)[0m  [1m[34mSELECT pg_advisory_unlock(1087325618115650655)[0m
  [1m[35m (0.6ms)[0m  [1m[34mSELECT "schema_migrations"."version" FROM "schema_migrations" ORDER BY "schema_migrations"."version" ASC[0m
  [1m[35m (0.7ms)[0m  [1m[34mSELECT "schema_migrations"."version" FROM "schema_migrations" ORDER BY "schema_migrations"."version" ASC[0m
  [1m[36mTRANSACTION (0.5ms)[0m  [1m[35mBEGIN[0m
  [1m[36mUser Exists? (4.2ms)[0m  [1m[34mSELECT 1 AS one FROM "users" WHERE "users"."username" = $1 LIMIT $2[0m  [["username", "Troy"], ["LIMIT", 1]]
  [1m[36mUser Create (1.9ms)[0m  [1m[32mINSERT INTO "users" ("username", "password_digest", "created_at", "updated_at") VALUES ($1, $2, $3, $4) RETURNING "id"[0m  [["username", "Troy"], ["password_digest", "$2a$12$7KmUr/Ul2tNmau.GcEedo.2vNpCES8F14gZNH.46SUty70gewpdha"], ["created_at", "2022-04-27 15:01:17.957708"], ["updated_at", "2022-04-27 15:01:17.957708"]]
  [1m[36mTRANSACTION (1.4ms)[0m  [1m[35mCOMMIT[0m
  [1m[36mTRANSACTION (1.1ms)[0m  [1m[35mBEGIN[0m
  [1m[36mUser Exists? (1.2ms)[0m  [1m[34mSELECT 1 AS one FROM "users" WHERE "users"."username" = $1 LIMIT $2[0m  [["username", "Bono"], ["LIMIT", 1]]
  [1m[36mUser Create (0.7ms)[0m  [1m[32mINSERT INTO "users" ("username", "password_digest", "created_at", "updated_at") VALUES ($1, $2, $3, $4) RETURNING "id"[0m  [["username", "Bono"], ["password_digest", "$2a$12$xmIEMbHBGKoe9eYitt1wNemYQfZjJEyYZ5ztHXw4gl39uL3OyzPqi"], ["created_at", "2022-04-27 15:01:18.262767"], ["updated_at", "2022-04-27 15:01:18.262767"]]
  [1m[36mTRANSACTION (0.5ms)[0m  [1m[35mCOMMIT[0m
  [1m[36mTRANSACTION (0.2ms)[0m  [1m[35mBEGIN[0m
  [1m[36mUser Exists? (0.3ms)[0m  [1m[34mSELECT 1 AS one FROM "users" WHERE "users"."username" = $1 LIMIT $2[0m  [["username", "Claire Manix"], ["LIMIT", 1]]
  [1m[36mUser Create (0.9ms)[0m  [1m[32mINSERT INTO "users" ("username", "password_digest", "created_at", "updated_at") VALUES ($1, $2, $3, $4) RETURNING "id"[0m  [["username", "Claire Manix"], ["password_digest", "$2a$12$BWhbTd88Md9qCWuushY82er0S5859h5qGL1kpRmZSlIHA8DJAXyJm"], ["created_at", "2022-04-27 15:01:18.557164"], ["updated_at", "2022-04-27 15:01:18.557164"]]
  [1m[36mTRANSACTION (1.4ms)[0m  [1m[35mCOMMIT[0m
  [1m[36mTRANSACTION (1.7ms)[0m  [1m[35mBEGIN[0m
  [1m[36mUser Load (10.6ms)[0m  [1m[34mSELECT "users".* FROM "users" WHERE "users"."id" = $1 LIMIT $2[0m  [["id", 1], ["LIMIT", 1]]
  [1m[36mPatient Create (211.7ms)[0m  [1m[32mINSERT INTO "patients" ("user_id", "name", "created_at", "updated_at") VALUES ($1, $2, $3, $4) RETURNING "id"[0m  [["user_id", 1], ["name", 123], ["created_at", "2022-04-27 15:01:18.613439"], ["updated_at", "2022-04-27 15:01:18.613439"]]
  [1m[36mTRANSACTION (17.7ms)[0m  [1m[35mCOMMIT[0m
  [1m[36mTRANSACTION (0.2ms)[0m  [1m[35mBEGIN[0m
  [1m[36mUser Load (0.5ms)[0m  [1m[34mSELECT "users".* FROM "users" WHERE "users"."id" = $1 LIMIT $2[0m  [["id", 3], ["LIMIT", 1]]
  [1m[36mPatient Create (0.6ms)[0m  [1m[32mINSERT INTO "patients" ("user_id", "name", "created_at", "updated_at") VALUES ($1, $2, $3, $4) RETURNING "id"[0m  [["user_id", 3], ["name", 456], ["created_at", "2022-04-27 15:01:18.848760"], ["updated_at", "2022-04-27 15:01:18.848760"]]
  [1m[36mTRANSACTION (0.9ms)[0m  [1m[35mCOMMIT[0m
  [1m[36mTRANSACTION (0.2ms)[0m  [1m[35mBEGIN[0m
  [1m[36mUser Load (0.4ms)[0m  [1m[34mSELECT "users".* FROM "users" WHERE "users"."id" = $1 LIMIT $2[0m  [["id", 1], ["LIMIT", 1]]
  [1m[36mPatient Create (0.6ms)[0m  [1m[32mINSERT INTO "patients" ("user_id", "name", "created_at", "updated_at") VALUES ($1, $2, $3, $4) RETURNING "id"[0m  [["user_id", 1], ["name", 650], ["created_at", "2022-04-27 15:01:18.865473"], ["updated_at", "2022-04-27 15:01:18.865473"]]
  [1m[36mTRANSACTION (0.5ms)[0m  [1m[35mCOMMIT[0m
  [1m[36mTRANSACTION (1.3ms)[0m  [1m[35mBEGIN[0m
  [1m[36mUser Load (0.4ms)[0m  [1m[34mSELECT "users".* FROM "users" WHERE "users"."id" = $1 LIMIT $2[0m  [["id", 2], ["LIMIT", 1]]
  [1m[36mPatient Create (0.5ms)[0m  [1m[32mINSERT INTO "patients" ("user_id", "name", "created_at", "updated_at") VALUES ($1, $2, $3, $4) RETURNING "id"[0m  [["user_id", 2], ["name", 12], ["created_at", "2022-04-27 15:01:18.874881"], ["updated_at", "2022-04-27 15:01:18.874881"]]
  [1m[36mTRANSACTION (0.4ms)[0m  [1m[35mCOMMIT[0m
  [1m[36mTRANSACTION (0.6ms)[0m  [1m[35mBEGIN[0m
  [1m[36mUser Load (0.3ms)[0m  [1m[34mSELECT "users".* FROM "users" WHERE "users"."id" = $1 LIMIT $2[0m  [["id", 2], ["LIMIT", 1]]
  [1m[36mPatient Create (0.4ms)[0m  [1m[32mINSERT INTO "patients" ("user_id", "name", "created_at", "updated_at") VALUES ($1, $2, $3, $4) RETURNING "id"[0m  [["user_id", 2], ["name", 35], ["created_at", "2022-04-27 15:01:18.883005"], ["updated_at", "2022-04-27 15:01:18.883005"]]
  [1m[36mTRANSACTION (0.4ms)[0m  [1m[35mCOMMIT[0m
  [1m[36mTRANSACTION (0.2ms)[0m  [1m[35mBEGIN[0m
  [1m[36mUser Load (0.3ms)[0m  [1m[34mSELECT "users".* FROM "users" WHERE "users"."id" = $1 LIMIT $2[0m  [["id", 3], ["LIMIT", 1]]
  [1m[36mPatient Create (0.8ms)[0m  [1m[32mINSERT INTO "patients" ("user_id", "name", "created_at", "updated_at") VALUES ($1, $2, $3, $4) RETURNING "id"[0m  [["user_id", 3], ["name", 55], ["created_at", "2022-04-27 15:01:18.890661"], ["updated_at", "2022-04-27 15:01:18.890661"]]
  [1m[36mTRANSACTION (0.4ms)[0m  [1m[35mCOMMIT[0m
  [1m[36mTRANSACTION (0.1ms)[0m  [1m[35mBEGIN[0m
  [1m[36mUser Load (0.2ms)[0m  [1m[34mSELECT "users".* FROM "users" WHERE "users"."id" = $1 LIMIT $2[0m  [["id", 1], ["LIMIT", 1]]
  [1m[36mPatient Create (0.4ms)[0m  [1m[32mINSERT INTO "patients" ("user_id", "name", "created_at", "updated_at") VALUES ($1, $2, $3, $4) RETURNING "id"[0m  [["user_id", 1], ["name", 50], ["created_at", "2022-04-27 15:01:18.897777"], ["updated_at", "2022-04-27 15:01:18.897777"]]
  [1m[36mTRANSACTION (0.6ms)[0m  [1m[35mCOMMIT[0m
  [1m[36mTRANSACTION (0.2ms)[0m  [1m[35mBEGIN[0m
  [1m[36mUser Load (0.2ms)[0m  [1m[34mSELECT "users".* FROM "users" WHERE "users"."id" = $1 LIMIT $2[0m  [["id", 3], ["LIMIT", 1]]
  [1m[36mPatient Create (0.5ms)[0m  [1m[32mINSERT INTO "patients" ("user_id", "name", "created_at", "updated_at") VALUES ($1, $2, $3, $4) RETURNING "id"[0m  [["user_id", 3], ["name", 90], ["created_at", "2022-04-27 15:01:18.905301"], ["updated_at", "2022-04-27 15:01:18.905301"]]
  [1m[36mTRANSACTION (0.4ms)[0m  [1m[35mCOMMIT[0m
  [1m[36mTRANSACTION (0.2ms)[0m  [1m[35mBEGIN[0m
  [1m[36mUser Load (0.2ms)[0m  [1m[34mSELECT "users".* FROM "users" WHERE "users"."id" = $1 LIMIT $2[0m  [["id", 2], ["LIMIT", 1]]
  [1m[36mPatient Create (0.3ms)[0m  [1m[32mINSERT INTO "patients" ("user_id", "name", "created_at", "updated_at") VALUES ($1, $2, $3, $4) RETURNING "id"[0m  [["user_id", 2], ["name", 42], ["created_at", "2022-04-27 15:01:18.912372"], ["updated_at", "2022-04-27 15:01:18.912372"]]
  [1m[36mTRANSACTION (0.3ms)[0m  [1m[35mCOMMIT[0m
  [1m[36mTRANSACTION (0.1ms)[0m  [1m[35mBEGIN[0m
  [1m[36mUser Load (0.1ms)[0m  [1m[34mSELECT "users".* FROM "users" WHERE "users"."id" = $1 LIMIT $2[0m  [["id", 2], ["LIMIT", 1]]
  [1m[36mPatient Create (4.3ms)[0m  [1m[32mINSERT INTO "patients" ("user_id", "name", "created_at", "updated_at") VALUES ($1, $2, $3, $4) RETURNING "id"[0m  [["user_id", 2], ["name", 999], ["created_at", "2022-04-27 15:01:18.918138"], ["updated_at", "2022-04-27 15:01:18.918138"]]
  [1m[36mTRANSACTION (1.1ms)[0m  [1m[35mCOMMIT[0m
  [1m[35m (1.0ms)[0m  [1m[34mSELECT "schema_migrations"."version" FROM "schema_migrations" ORDER BY "schema_migrations"."version" ASC[0m
  [1m[35m (0.5ms)[0m  [1m[34mSELECT "ar_internal_metadata"."value" FROM "ar_internal_metadata" WHERE "ar_internal_metadata"."key" = $1[0m  [["key", "environment"]]
  [1m[35m (0.2ms)[0m  [1m[34mSELECT "schema_migrations"."version" FROM "schema_migrations" ORDER BY "schema_migrations"."version" ASC[0m
  [1m[35m (0.2ms)[0m  [1m[34mSELECT "ar_internal_metadata"."value" FROM "ar_internal_metadata" WHERE "ar_internal_metadata"."key" = $1[0m  [["key", "environment"]]
  [1m[35m (0.2ms)[0m  [1m[34mSELECT "schema_migrations"."version" FROM "schema_migrations" ORDER BY "schema_migrations"."version" ASC[0m
  [1m[35m (0.4ms)[0m  [1m[34mSELECT "ar_internal_metadata"."value" FROM "ar_internal_metadata" WHERE "ar_internal_metadata"."key" = $1[0m  [["key", "environment"]]
  [1m[35m (40.1ms)[0m  [1m[35mDROP DATABASE IF EXISTS "react_rails_api_project_template_development"[0m
  [1m[35m (81.6ms)[0m  [1m[35mDROP DATABASE IF EXISTS "react_rails_api_project_template_test"[0m
  [1m[35m (244.1ms)[0m  [1m[35mCREATE DATABASE "react_rails_api_project_template_development" ENCODING = 'unicode'[0m
  [1m[35m (168.3ms)[0m  [1m[35mCREATE DATABASE "react_rails_api_project_template_test" ENCODING = 'unicode'[0m
  [1m[35m (18.9ms)[0m  [1m[35mCREATE TABLE "schema_migrations" ("version" character varying NOT NULL PRIMARY KEY)[0m
  [1m[35m (26.7ms)[0m  [1m[35mCREATE TABLE "ar_internal_metadata" ("key" character varying NOT NULL PRIMARY KEY, "value" character varying, "created_at" timestamp(6) NOT NULL, "updated_at" timestamp(6) NOT NULL)[0m
  [1m[35m (0.7ms)[0m  [1m[34mSELECT pg_try_advisory_lock(1087325618115650655)[0m
  [1m[35m (0.9ms)[0m  [1m[34mSELECT "schema_migrations"."version" FROM "schema_migrations" ORDER BY "schema_migrations"."version" ASC[0m
Migrating to CreateUsers (20220427132125)
  [1m[36mTRANSACTION (0.8ms)[0m  [1m[35mBEGIN[0m
  [1m[35m (29.7ms)[0m  [1m[35mCREATE TABLE "users" ("id" bigserial primary key, "username" character varying, "password_digest" character varying, "created_at" timestamp(6) NOT NULL, "updated_at" timestamp(6) NOT NULL)[0m
  [1m[36mActiveRecord::SchemaMigration Create (0.4ms)[0m  [1m[32mINSERT INTO "schema_migrations" ("version") VALUES ($1) RETURNING "version"[0m  [["version", "20220427132125"]]
  [1m[36mTRANSACTION (0.5ms)[0m  [1m[35mCOMMIT[0m
Migrating to CreatePatients (20220427132151)
  [1m[36mTRANSACTION (40.7ms)[0m  [1m[35mBEGIN[0m
  [1m[35m (7.5ms)[0m  [1m[35mCREATE TABLE "patients" ("id" bigserial primary key, "user_id" bigint NOT NULL, "name" integer, "created_at" timestamp(6) NOT NULL, "updated_at" timestamp(6) NOT NULL, CONSTRAINT "fk_rails_623f05c630"
FOREIGN KEY ("user_id")
  REFERENCES "users" ("id")
)[0m
  [1m[35m (1.1ms)[0m  [1m[35mCREATE INDEX "index_patients_on_user_id" ON "patients" ("user_id")[0m
  [1m[36mActiveRecord::SchemaMigration Create (0.9ms)[0m  [1m[32mINSERT INTO "schema_migrations" ("version") VALUES ($1) RETURNING "version"[0m  [["version", "20220427132151"]]
  [1m[36mTRANSACTION (0.7ms)[0m  [1m[35mCOMMIT[0m
Migrating to CreateDevices (20220427132202)
  [1m[36mTRANSACTION (24.8ms)[0m  [1m[35mBEGIN[0m
  [1m[35m (5.7ms)[0m  [1m[35mCREATE TABLE "devices" ("id" bigserial primary key, "patient_id" bigint NOT NULL, "ankle_angle" integer, "sva" character varying, "type" character varying, "footwear" character varying, "created_at" timestamp(6) NOT NULL, "updated_at" timestamp(6) NOT NULL, CONSTRAINT "fk_rails_cc84773d6d"
FOREIGN KEY ("patient_id")
  REFERENCES "patients" ("id")
)[0m
  [1m[35m (1.2ms)[0m  [1m[35mCREATE INDEX "index_devices_on_patient_id" ON "devices" ("patient_id")[0m
  [1m[36mActiveRecord::SchemaMigration Create (0.6ms)[0m  [1m[32mINSERT INTO "schema_migrations" ("version") VALUES ($1) RETURNING "version"[0m  [["version", "20220427132202"]]
  [1m[36mTRANSACTION (1.2ms)[0m  [1m[35mCOMMIT[0m
  [1m[36mActiveRecord::InternalMetadata Load (0.6ms)[0m  [1m[34mSELECT "ar_internal_metadata".* FROM "ar_internal_metadata" WHERE "ar_internal_metadata"."key" = $1 LIMIT $2[0m  [["key", "environment"], ["LIMIT", 1]]
  [1m[36mTRANSACTION (0.2ms)[0m  [1m[35mBEGIN[0m
  [1m[36mActiveRecord::InternalMetadata Create (1.1ms)[0m  [1m[32mINSERT INTO "ar_internal_metadata" ("key", "value", "created_at", "updated_at") VALUES ($1, $2, $3, $4) RETURNING "key"[0m  [["key", "environment"], ["value", "development"], ["created_at", "2022-04-27 15:13:30.377543"], ["updated_at", "2022-04-27 15:13:30.377543"]]
  [1m[36mTRANSACTION (0.3ms)[0m  [1m[35mCOMMIT[0m
  [1m[35m (0.3ms)[0m  [1m[34mSELECT pg_advisory_unlock(1087325618115650655)[0m
  [1m[35m (1.2ms)[0m  [1m[34mSELECT "schema_migrations"."version" FROM "schema_migrations" ORDER BY "schema_migrations"."version" ASC[0m
  [1m[35m (1.2ms)[0m  [1m[34mSELECT "schema_migrations"."version" FROM "schema_migrations" ORDER BY "schema_migrations"."version" ASC[0m
  [1m[36mTRANSACTION (1.7ms)[0m  [1m[35mBEGIN[0m
  [1m[36mUser Exists? (0.7ms)[0m  [1m[34mSELECT 1 AS one FROM "users" WHERE "users"."username" = $1 LIMIT $2[0m  [["username", "Troy"], ["LIMIT", 1]]
  [1m[36mUser Create (6.2ms)[0m  [1m[32mINSERT INTO "users" ("username", "password_digest", "created_at", "updated_at") VALUES ($1, $2, $3, $4) RETURNING "id"[0m  [["username", "Troy"], ["password_digest", "$2a$12$v7BAnt1sa.2DF6NZKy8bBuvY36AHErJtP3iOkomo6TJc0FacqBQIS"], ["created_at", "2022-04-27 15:13:30.884142"], ["updated_at", "2022-04-27 15:13:30.884142"]]
  [1m[36mTRANSACTION (5.9ms)[0m  [1m[35mCOMMIT[0m
  [1m[36mTRANSACTION (2.6ms)[0m  [1m[35mBEGIN[0m
  [1m[36mUser Exists? (0.3ms)[0m  [1m[34mSELECT 1 AS one FROM "users" WHERE "users"."username" = $1 LIMIT $2[0m  [["username", "Bono"], ["LIMIT", 1]]
  [1m[36mUser Create (0.3ms)[0m  [1m[32mINSERT INTO "users" ("username", "password_digest", "created_at", "updated_at") VALUES ($1, $2, $3, $4) RETURNING "id"[0m  [["username", "Bono"], ["password_digest", "$2a$12$qdra7WubAwxH07gQHbBkV.vyMWb6KrP8QBdMSMeg2CmXdDltmbC3q"], ["created_at", "2022-04-27 15:13:31.314822"], ["updated_at", "2022-04-27 15:13:31.314822"]]
  [1m[36mTRANSACTION (1.4ms)[0m  [1m[35mCOMMIT[0m
  [1m[36mTRANSACTION (0.1ms)[0m  [1m[35mBEGIN[0m
  [1m[36mUser Exists? (0.2ms)[0m  [1m[34mSELECT 1 AS one FROM "users" WHERE "users"."username" = $1 LIMIT $2[0m  [["username", "Claire Manix"], ["LIMIT", 1]]
  [1m[36mUser Create (0.6ms)[0m  [1m[32mINSERT INTO "users" ("username", "password_digest", "created_at", "updated_at") VALUES ($1, $2, $3, $4) RETURNING "id"[0m  [["username", "Claire Manix"], ["password_digest", "$2a$12$VT.KXz2/juUebSUOBXZQxe69/4Z3AraCmImjTwW81Vcp7vva3wIEO"], ["created_at", "2022-04-27 15:13:31.581815"], ["updated_at", "2022-04-27 15:13:31.581815"]]
  [1m[36mTRANSACTION (1.5ms)[0m  [1m[35mCOMMIT[0m
  [1m[36mTRANSACTION (0.2ms)[0m  [1m[35mBEGIN[0m
  [1m[36mUser Load (0.2ms)[0m  [1m[34mSELECT "users".* FROM "users" WHERE "users"."id" = $1 LIMIT $2[0m  [["id", 1], ["LIMIT", 1]]
  [1m[36mPatient Create (1.2ms)[0m  [1m[32mINSERT INTO "patients" ("user_id", "name", "created_at", "updated_at") VALUES ($1, $2, $3, $4) RETURNING "id"[0m  [["user_id", 1], ["name", 123], ["created_at", "2022-04-27 15:13:31.609055"], ["updated_at", "2022-04-27 15:13:31.609055"]]
  [1m[36mTRANSACTION (36.0ms)[0m  [1m[35mCOMMIT[0m
  [1m[36mTRANSACTION (0.2ms)[0m  [1m[35mBEGIN[0m
  [1m[36mUser Load (0.5ms)[0m  [1m[34mSELECT "users".* FROM "users" WHERE "users"."id" = $1 LIMIT $2[0m  [["id", 3], ["LIMIT", 1]]
  [1m[36mPatient Create (0.7ms)[0m  [1m[32mINSERT INTO "patients" ("user_id", "name", "created_at", "updated_at") VALUES ($1, $2, $3, $4) RETURNING "id"[0m  [["user_id", 3], ["name", 456], ["created_at", "2022-04-27 15:13:31.656821"], ["updated_at", "2022-04-27 15:13:31.656821"]]
  [1m[36mTRANSACTION (0.4ms)[0m  [1m[35mCOMMIT[0m
  [1m[36mTRANSACTION (0.1ms)[0m  [1m[35mBEGIN[0m
  [1m[36mUser Load (0.5ms)[0m  [1m[34mSELECT "users".* FROM "users" WHERE "users"."id" = $1 LIMIT $2[0m  [["id", 1], ["LIMIT", 1]]
  [1m[36mPatient Create (0.6ms)[0m  [1m[32mINSERT INTO "patients" ("user_id", "name", "created_at", "updated_at") VALUES ($1, $2, $3, $4) RETURNING "id"[0m  [["user_id", 1], ["name", 650], ["created_at", "2022-04-27 15:13:31.672001"], ["updated_at", "2022-04-27 15:13:31.672001"]]
  [1m[36mTRANSACTION (0.5ms)[0m  [1m[35mCOMMIT[0m
  [1m[36mTRANSACTION (0.2ms)[0m  [1m[35mBEGIN[0m
  [1m[36mUser Load (0.4ms)[0m  [1m[34mSELECT "users".* FROM "users" WHERE "users"."id" = $1 LIMIT $2[0m  [["id", 2], ["LIMIT", 1]]
  [1m[36mPatient Create (0.4ms)[0m  [1m[32mINSERT INTO "patients" ("user_id", "name", "created_at", "updated_at") VALUES ($1, $2, $3, $4) RETURNING "id"[0m  [["user_id", 2], ["name", 12], ["created_at", "2022-04-27 15:13:31.679688"], ["updated_at", "2022-04-27 15:13:31.679688"]]
  [1m[36mTRANSACTION (0.5ms)[0m  [1m[35mCOMMIT[0m
  [1m[36mTRANSACTION (0.1ms)[0m  [1m[35mBEGIN[0m
  [1m[36mUser Load (0.3ms)[0m  [1m[34mSELECT "users".* FROM "users" WHERE "users"."id" = $1 LIMIT $2[0m  [["id", 2], ["LIMIT", 1]]
  [1m[36mPatient Create (0.5ms)[0m  [1m[32mINSERT INTO "patients" ("user_id", "name", "created_at", "updated_at") VALUES ($1, $2, $3, $4) RETURNING "id"[0m  [["user_id", 2], ["name", 35], ["created_at", "2022-04-27 15:13:31.686979"], ["updated_at", "2022-04-27 15:13:31.686979"]]
  [1m[36mTRANSACTION (0.4ms)[0m  [1m[35mCOMMIT[0m
  [1m[36mTRANSACTION (0.2ms)[0m  [1m[35mBEGIN[0m
  [1m[36mUser Load (0.3ms)[0m  [1m[34mSELECT "users".* FROM "users" WHERE "users"."id" = $1 LIMIT $2[0m  [["id", 3], ["LIMIT", 1]]
  [1m[36mPatient Create (0.4ms)[0m  [1m[32mINSERT INTO "patients" ("user_id", "name", "created_at", "updated_at") VALUES ($1, $2, $3, $4) RETURNING "id"[0m  [["user_id", 3], ["name", 55], ["created_at", "2022-04-27 15:13:31.693817"], ["updated_at", "2022-04-27 15:13:31.693817"]]
  [1m[36mTRANSACTION (0.4ms)[0m  [1m[35mCOMMIT[0m
  [1m[36mTRANSACTION (0.2ms)[0m  [1m[35mBEGIN[0m
  [1m[36mUser Load (0.4ms)[0m  [1m[34mSELECT "users".* FROM "users" WHERE "users"."id" = $1 LIMIT $2[0m  [["id", 1], ["LIMIT", 1]]
  [1m[36mPatient Create (0.6ms)[0m  [1m[32mINSERT INTO "patients" ("user_id", "name", "created_at", "updated_at") VALUES ($1, $2, $3, $4) RETURNING "id"[0m  [["user_id", 1], ["name", 50], ["created_at", "2022-04-27 15:13:31.700370"], ["updated_at", "2022-04-27 15:13:31.700370"]]
  [1m[36mTRANSACTION (0.5ms)[0m  [1m[35mCOMMIT[0m
  [1m[36mTRANSACTION (0.2ms)[0m  [1m[35mBEGIN[0m
  [1m[36mUser Load (0.2ms)[0m  [1m[34mSELECT "users".* FROM "users" WHERE "users"."id" = $1 LIMIT $2[0m  [["id", 3], ["LIMIT", 1]]
  [1m[36mPatient Create (0.3ms)[0m  [1m[32mINSERT INTO "patients" ("user_id", "name", "created_at", "updated_at") VALUES ($1, $2, $3, $4) RETURNING "id"[0m  [["user_id", 3], ["name", 90], ["created_at", "2022-04-27 15:13:31.707756"], ["updated_at", "2022-04-27 15:13:31.707756"]]
  [1m[36mTRANSACTION (0.4ms)[0m  [1m[35mCOMMIT[0m
  [1m[36mTRANSACTION (0.3ms)[0m  [1m[35mBEGIN[0m
  [1m[36mUser Load (0.2ms)[0m  [1m[34mSELECT "users".* FROM "users" WHERE "users"."id" = $1 LIMIT $2[0m  [["id", 2], ["LIMIT", 1]]
  [1m[36mPatient Create (0.4ms)[0m  [1m[32mINSERT INTO "patients" ("user_id", "name", "created_at", "updated_at") VALUES ($1, $2, $3, $4) RETURNING "id"[0m  [["user_id", 2], ["name", 42], ["created_at", "2022-04-27 15:13:31.714102"], ["updated_at", "2022-04-27 15:13:31.714102"]]
  [1m[36mTRANSACTION (0.5ms)[0m  [1m[35mCOMMIT[0m
  [1m[36mTRANSACTION (0.7ms)[0m  [1m[35mBEGIN[0m
  [1m[36mUser Load (0.2ms)[0m  [1m[34mSELECT "users".* FROM "users" WHERE "users"."id" = $1 LIMIT $2[0m  [["id", 2], ["LIMIT", 1]]
  [1m[36mPatient Create (0.3ms)[0m  [1m[32mINSERT INTO "patients" ("user_id", "name", "created_at", "updated_at") VALUES ($1, $2, $3, $4) RETURNING "id"[0m  [["user_id", 2], ["name", 999], ["created_at", "2022-04-27 15:13:31.722575"], ["updated_at", "2022-04-27 15:13:31.722575"]]
  [1m[36mTRANSACTION (0.6ms)[0m  [1m[35mCOMMIT[0m
  [1m[35m (0.6ms)[0m  [1m[34mSELECT "schema_migrations"."version" FROM "schema_migrations" ORDER BY "schema_migrations"."version" ASC[0m
  [1m[35m (0.7ms)[0m  [1m[34mSELECT "ar_internal_metadata"."value" FROM "ar_internal_metadata" WHERE "ar_internal_metadata"."key" = $1[0m  [["key", "environment"]]
  [1m[35m (0.3ms)[0m  [1m[34mSELECT "schema_migrations"."version" FROM "schema_migrations" ORDER BY "schema_migrations"."version" ASC[0m
  [1m[35m (0.2ms)[0m  [1m[34mSELECT "ar_internal_metadata"."value" FROM "ar_internal_metadata" WHERE "ar_internal_metadata"."key" = $1[0m  [["key", "environment"]]
  [1m[35m (0.2ms)[0m  [1m[34mSELECT "schema_migrations"."version" FROM "schema_migrations" ORDER BY "schema_migrations"."version" ASC[0m
  [1m[35m (0.5ms)[0m  [1m[34mSELECT "ar_internal_metadata"."value" FROM "ar_internal_metadata" WHERE "ar_internal_metadata"."key" = $1[0m  [["key", "environment"]]
  [1m[35m (46.4ms)[0m  [1m[35mDROP DATABASE IF EXISTS "react_rails_api_project_template_development"[0m
  [1m[35m (41.0ms)[0m  [1m[35mDROP DATABASE IF EXISTS "react_rails_api_project_template_test"[0m
  [1m[35m (239.7ms)[0m  [1m[35mCREATE DATABASE "react_rails_api_project_template_development" ENCODING = 'unicode'[0m
  [1m[35m (148.9ms)[0m  [1m[35mCREATE DATABASE "react_rails_api_project_template_test" ENCODING = 'unicode'[0m
  [1m[35m (4.7ms)[0m  [1m[35mCREATE TABLE "schema_migrations" ("version" character varying NOT NULL PRIMARY KEY)[0m
  [1m[35m (3.1ms)[0m  [1m[35mCREATE TABLE "ar_internal_metadata" ("key" character varying NOT NULL PRIMARY KEY, "value" character varying, "created_at" timestamp(6) NOT NULL, "updated_at" timestamp(6) NOT NULL)[0m
  [1m[35m (0.3ms)[0m  [1m[34mSELECT pg_try_advisory_lock(1087325618115650655)[0m
  [1m[35m (0.7ms)[0m  [1m[34mSELECT "schema_migrations"."version" FROM "schema_migrations" ORDER BY "schema_migrations"."version" ASC[0m
Migrating to CreateUsers (20220427132125)
  [1m[36mTRANSACTION (0.8ms)[0m  [1m[35mBEGIN[0m
  [1m[35m (48.2ms)[0m  [1m[35mCREATE TABLE "users" ("id" bigserial primary key, "username" character varying, "password_digest" character varying, "created_at" timestamp(6) NOT NULL, "updated_at" timestamp(6) NOT NULL)[0m
  [1m[36mActiveRecord::SchemaMigration Create (0.6ms)[0m  [1m[32mINSERT INTO "schema_migrations" ("version") VALUES ($1) RETURNING "version"[0m  [["version", "20220427132125"]]
  [1m[36mTRANSACTION (0.4ms)[0m  [1m[35mCOMMIT[0m
Migrating to CreatePatients (20220427132151)
  [1m[36mTRANSACTION (40.4ms)[0m  [1m[35mBEGIN[0m
  [1m[35m (5.7ms)[0m  [1m[35mCREATE TABLE "patients" ("id" bigserial primary key, "user_id" bigint NOT NULL, "name" integer, "created_at" timestamp(6) NOT NULL, "updated_at" timestamp(6) NOT NULL, CONSTRAINT "fk_rails_623f05c630"
FOREIGN KEY ("user_id")
  REFERENCES "users" ("id")
)[0m
  [1m[35m (1.1ms)[0m  [1m[35mCREATE INDEX "index_patients_on_user_id" ON "patients" ("user_id")[0m
  [1m[36mActiveRecord::SchemaMigration Create (0.5ms)[0m  [1m[32mINSERT INTO "schema_migrations" ("version") VALUES ($1) RETURNING "version"[0m  [["version", "20220427132151"]]
  [1m[36mTRANSACTION (6.7ms)[0m  [1m[35mCOMMIT[0m
Migrating to CreateDevices (20220427132202)
  [1m[36mTRANSACTION (41.9ms)[0m  [1m[35mBEGIN[0m
  [1m[35m (6.3ms)[0m  [1m[35mCREATE TABLE "devices" ("id" bigserial primary key, "patient_id" bigint NOT NULL, "ankle_angle" integer, "sva" character varying, "brace" character varying, "footwear" character varying, "created_at" timestamp(6) NOT NULL, "updated_at" timestamp(6) NOT NULL, CONSTRAINT "fk_rails_cc84773d6d"
FOREIGN KEY ("patient_id")
  REFERENCES "patients" ("id")
)[0m
  [1m[35m (1.2ms)[0m  [1m[35mCREATE INDEX "index_devices_on_patient_id" ON "devices" ("patient_id")[0m
  [1m[36mActiveRecord::SchemaMigration Create (0.8ms)[0m  [1m[32mINSERT INTO "schema_migrations" ("version") VALUES ($1) RETURNING "version"[0m  [["version", "20220427132202"]]
  [1m[36mTRANSACTION (0.7ms)[0m  [1m[35mCOMMIT[0m
  [1m[36mActiveRecord::InternalMetadata Load (1.2ms)[0m  [1m[34mSELECT "ar_internal_metadata".* FROM "ar_internal_metadata" WHERE "ar_internal_metadata"."key" = $1 LIMIT $2[0m  [["key", "environment"], ["LIMIT", 1]]
  [1m[36mTRANSACTION (0.1ms)[0m  [1m[35mBEGIN[0m
  [1m[36mActiveRecord::InternalMetadata Create (0.6ms)[0m  [1m[32mINSERT INTO "ar_internal_metadata" ("key", "value", "created_at", "updated_at") VALUES ($1, $2, $3, $4) RETURNING "key"[0m  [["key", "environment"], ["value", "development"], ["created_at", "2022-04-27 15:18:40.804141"], ["updated_at", "2022-04-27 15:18:40.804141"]]
  [1m[36mTRANSACTION (0.6ms)[0m  [1m[35mCOMMIT[0m
  [1m[35m (0.5ms)[0m  [1m[34mSELECT pg_advisory_unlock(1087325618115650655)[0m
  [1m[35m (1.1ms)[0m  [1m[34mSELECT "schema_migrations"."version" FROM "schema_migrations" ORDER BY "schema_migrations"."version" ASC[0m
  [1m[35m (0.6ms)[0m  [1m[34mSELECT "schema_migrations"."version" FROM "schema_migrations" ORDER BY "schema_migrations"."version" ASC[0m
  [1m[36mTRANSACTION (0.5ms)[0m  [1m[35mBEGIN[0m
  [1m[36mUser Exists? (0.7ms)[0m  [1m[34mSELECT 1 AS one FROM "users" WHERE "users"."username" = $1 LIMIT $2[0m  [["username", "Troy"], ["LIMIT", 1]]
  [1m[36mUser Create (0.8ms)[0m  [1m[32mINSERT INTO "users" ("username", "password_digest", "created_at", "updated_at") VALUES ($1, $2, $3, $4) RETURNING "id"[0m  [["username", "Troy"], ["password_digest", "$2a$12$eIZPNumOSME8xOQKGnp23Ox0qK6.13W.F7KgyCZgaVlNNeLnpPibq"], ["created_at", "2022-04-27 15:18:41.214136"], ["updated_at", "2022-04-27 15:18:41.214136"]]
  [1m[36mTRANSACTION (1.3ms)[0m  [1m[35mCOMMIT[0m
  [1m[36mTRANSACTION (0.2ms)[0m  [1m[35mBEGIN[0m
  [1m[36mUser Exists? (1.1ms)[0m  [1m[34mSELECT 1 AS one FROM "users" WHERE "users"."username" = $1 LIMIT $2[0m  [["username", "Bono"], ["LIMIT", 1]]
  [1m[36mUser Create (0.3ms)[0m  [1m[32mINSERT INTO "users" ("username", "password_digest", "created_at", "updated_at") VALUES ($1, $2, $3, $4) RETURNING "id"[0m  [["username", "Bono"], ["password_digest", "$2a$12$hCGFI1IhaghcLXFtFf01QOHtljZzu7s9qv29QBc0bfiADf1Gp3WuG"], ["created_at", "2022-04-27 15:18:41.495721"], ["updated_at", "2022-04-27 15:18:41.495721"]]
  [1m[36mTRANSACTION (2.0ms)[0m  [1m[35mCOMMIT[0m
  [1m[36mTRANSACTION (0.2ms)[0m  [1m[35mBEGIN[0m
  [1m[36mUser Exists? (0.3ms)[0m  [1m[34mSELECT 1 AS one FROM "users" WHERE "users"."username" = $1 LIMIT $2[0m  [["username", "Claire Manix"], ["LIMIT", 1]]
  [1m[36mUser Create (0.3ms)[0m  [1m[32mINSERT INTO "users" ("username", "password_digest", "created_at", "updated_at") VALUES ($1, $2, $3, $4) RETURNING "id"[0m  [["username", "Claire Manix"], ["password_digest", "$2a$12$AscJaJdSfNHt/aIq2.wl6ebpNxg0rr2EocUOMcl4JiwjcwBfMR/1S"], ["created_at", "2022-04-27 15:18:41.764674"], ["updated_at", "2022-04-27 15:18:41.764674"]]
  [1m[36mTRANSACTION (1.2ms)[0m  [1m[35mCOMMIT[0m
  [1m[36mTRANSACTION (0.2ms)[0m  [1m[35mBEGIN[0m
  [1m[36mUser Load (0.3ms)[0m  [1m[34mSELECT "users".* FROM "users" WHERE "users"."id" = $1 LIMIT $2[0m  [["id", 1], ["LIMIT", 1]]
  [1m[36mPatient Create (2.6ms)[0m  [1m[32mINSERT INTO "patients" ("user_id", "name", "created_at", "updated_at") VALUES ($1, $2, $3, $4) RETURNING "id"[0m  [["user_id", 1], ["name", 123], ["created_at", "2022-04-27 15:18:41.793083"], ["updated_at", "2022-04-27 15:18:41.793083"]]
  [1m[36mTRANSACTION (40.4ms)[0m  [1m[35mCOMMIT[0m
  [1m[36mTRANSACTION (0.3ms)[0m  [1m[35mBEGIN[0m
  [1m[36mUser Load (0.4ms)[0m  [1m[34mSELECT "users".* FROM "users" WHERE "users"."id" = $1 LIMIT $2[0m  [["id", 3], ["LIMIT", 1]]
  [1m[36mPatient Create (1.4ms)[0m  [1m[32mINSERT INTO "patients" ("user_id", "name", "created_at", "updated_at") VALUES ($1, $2, $3, $4) RETURNING "id"[0m  [["user_id", 3], ["name", 456], ["created_at", "2022-04-27 15:18:41.846132"], ["updated_at", "2022-04-27 15:18:41.846132"]]
  [1m[36mTRANSACTION (1.1ms)[0m  [1m[35mCOMMIT[0m
  [1m[36mTRANSACTION (0.2ms)[0m  [1m[35mBEGIN[0m
  [1m[36mUser Load (0.3ms)[0m  [1m[34mSELECT "users".* FROM "users" WHERE "users"."id" = $1 LIMIT $2[0m  [["id", 1], ["LIMIT", 1]]
  [1m[36mPatient Create (0.7ms)[0m  [1m[32mINSERT INTO "patients" ("user_id", "name", "created_at", "updated_at") VALUES ($1, $2, $3, $4) RETURNING "id"[0m  [["user_id", 1], ["name", 650], ["created_at", "2022-04-27 15:18:41.854418"], ["updated_at", "2022-04-27 15:18:41.854418"]]
  [1m[36mTRANSACTION (0.7ms)[0m  [1m[35mCOMMIT[0m
  [1m[36mTRANSACTION (0.2ms)[0m  [1m[35mBEGIN[0m
  [1m[36mUser Load (0.4ms)[0m  [1m[34mSELECT "users".* FROM "users" WHERE "users"."id" = $1 LIMIT $2[0m  [["id", 2], ["LIMIT", 1]]
  [1m[36mPatient Create (5.1ms)[0m  [1m[32mINSERT INTO "patients" ("user_id", "name", "created_at", "updated_at") VALUES ($1, $2, $3, $4) RETURNING "id"[0m  [["user_id", 2], ["name", 12], ["created_at", "2022-04-27 15:18:41.868441"], ["updated_at", "2022-04-27 15:18:41.868441"]]
  [1m[36mTRANSACTION (8.8ms)[0m  [1m[35mCOMMIT[0m
  [1m[36mTRANSACTION (0.9ms)[0m  [1m[35mBEGIN[0m
  [1m[36mUser Load (1.0ms)[0m  [1m[34mSELECT "users".* FROM "users" WHERE "users"."id" = $1 LIMIT $2[0m  [["id", 2], ["LIMIT", 1]]
  [1m[36mPatient Create (1.4ms)[0m  [1m[32mINSERT INTO "patients" ("user_id", "name", "created_at", "updated_at") VALUES ($1, $2, $3, $4) RETURNING "id"[0m  [["user_id", 2], ["name", 35], ["created_at", "2022-04-27 15:18:41.891168"], ["updated_at", "2022-04-27 15:18:41.891168"]]
  [1m[36mTRANSACTION (1.8ms)[0m  [1m[35mCOMMIT[0m
  [1m[36mTRANSACTION (0.2ms)[0m  [1m[35mBEGIN[0m
  [1m[36mUser Load (0.5ms)[0m  [1m[34mSELECT "users".* FROM "users" WHERE "users"."id" = $1 LIMIT $2[0m  [["id", 3], ["LIMIT", 1]]
  [1m[36mPatient Create (0.6ms)[0m  [1m[32mINSERT INTO "patients" ("user_id", "name", "created_at", "updated_at") VALUES ($1, $2, $3, $4) RETURNING "id"[0m  [["user_id", 3], ["name", 55], ["created_at", "2022-04-27 15:18:41.902542"], ["updated_at", "2022-04-27 15:18:41.902542"]]
  [1m[36mTRANSACTION (0.4ms)[0m  [1m[35mCOMMIT[0m
  [1m[36mTRANSACTION (8.5ms)[0m  [1m[35mBEGIN[0m
  [1m[36mUser Load (0.3ms)[0m  [1m[34mSELECT "users".* FROM "users" WHERE "users"."id" = $1 LIMIT $2[0m  [["id", 1], ["LIMIT", 1]]
  [1m[36mPatient Create (0.6ms)[0m  [1m[32mINSERT INTO "patients" ("user_id", "name", "created_at", "updated_at") VALUES ($1, $2, $3, $4) RETURNING "id"[0m  [["user_id", 1], ["name", 50], ["created_at", "2022-04-27 15:18:41.921094"], ["updated_at", "2022-04-27 15:18:41.921094"]]
  [1m[36mTRANSACTION (0.6ms)[0m  [1m[35mCOMMIT[0m
  [1m[36mTRANSACTION (0.2ms)[0m  [1m[35mBEGIN[0m
  [1m[36mUser Load (0.3ms)[0m  [1m[34mSELECT "users".* FROM "users" WHERE "users"."id" = $1 LIMIT $2[0m  [["id", 3], ["LIMIT", 1]]
  [1m[36mPatient Create (0.6ms)[0m  [1m[32mINSERT INTO "patients" ("user_id", "name", "created_at", "updated_at") VALUES ($1, $2, $3, $4) RETURNING "id"[0m  [["user_id", 3], ["name", 90], ["created_at", "2022-04-27 15:18:41.936433"], ["updated_at", "2022-04-27 15:18:41.936433"]]
  [1m[36mTRANSACTION (0.3ms)[0m  [1m[35mCOMMIT[0m
  [1m[36mTRANSACTION (0.2ms)[0m  [1m[35mBEGIN[0m
  [1m[36mUser Load (0.3ms)[0m  [1m[34mSELECT "users".* FROM "users" WHERE "users"."id" = $1 LIMIT $2[0m  [["id", 2], ["LIMIT", 1]]
  [1m[36mPatient Create (0.4ms)[0m  [1m[32mINSERT INTO "patients" ("user_id", "name", "created_at", "updated_at") VALUES ($1, $2, $3, $4) RETURNING "id"[0m  [["user_id", 2], ["name", 42], ["created_at", "2022-04-27 15:18:41.948876"], ["updated_at", "2022-04-27 15:18:41.948876"]]
  [1m[36mTRANSACTION (1.2ms)[0m  [1m[35mCOMMIT[0m
  [1m[36mTRANSACTION (0.2ms)[0m  [1m[35mBEGIN[0m
  [1m[36mUser Load (0.2ms)[0m  [1m[34mSELECT "users".* FROM "users" WHERE "users"."id" = $1 LIMIT $2[0m  [["id", 2], ["LIMIT", 1]]
  [1m[36mPatient Create (0.8ms)[0m  [1m[32mINSERT INTO "patients" ("user_id", "name", "created_at", "updated_at") VALUES ($1, $2, $3, $4) RETURNING "id"[0m  [["user_id", 2], ["name", 999], ["created_at", "2022-04-27 15:18:41.957096"], ["updated_at", "2022-04-27 15:18:41.957096"]]
  [1m[36mTRANSACTION (1.0ms)[0m  [1m[35mCOMMIT[0m
  [1m[36mTRANSACTION (0.1ms)[0m  [1m[35mBEGIN[0m
  [1m[36mPatient Load (0.2ms)[0m  [1m[34mSELECT "patients".* FROM "patients" WHERE "patients"."id" = $1 LIMIT $2[0m  [["id", 3], ["LIMIT", 1]]
  [1m[36mDevice Create (1.1ms)[0m  [1m[32mINSERT INTO "devices" ("patient_id", "ankle_angle", "sva", "brace", "footwear", "created_at", "updated_at") VALUES ($1, $2, $3, $4, $5, $6, $7) RETURNING "id"[0m  [["patient_id", 3], ["ankle_angle", 5], ["sva", "10-12"], ["brace", "SAFO"], ["footwear", "Rocker Sole"], ["created_at", "2022-04-27 15:18:41.989530"], ["updated_at", "2022-04-27 15:18:41.989530"]]
  [1m[36mTRANSACTION (2.7ms)[0m  [1m[35mCOMMIT[0m
  [1m[36mTRANSACTION (0.5ms)[0m  [1m[35mBEGIN[0m
  [1m[36mPatient Load (0.4ms)[0m  [1m[34mSELECT "patients".* FROM "patients" WHERE "patients"."id" = $1 LIMIT $2[0m  [["id", 4], ["LIMIT", 1]]
  [1m[36mDevice Create (0.6ms)[0m  [1m[32mINSERT INTO "devices" ("patient_id", "ankle_angle", "sva", "brace", "footwear", "created_at", "updated_at") VALUES ($1, $2, $3, $4, $5, $6, $7) RETURNING "id"[0m  [["patient_id", 4], ["ankle_angle", 3], ["sva", "14-15"], ["brace", "SAFO with Free MPTJ"], ["footwear", "Flat/Rounded Sole"], ["created_at", "2022-04-27 15:18:42.003771"], ["updated_at", "2022-04-27 15:18:42.003771"]]
  [1m[36mTRANSACTION (0.6ms)[0m  [1m[35mCOMMIT[0m
  [1m[36mTRANSACTION (0.3ms)[0m  [1m[35mBEGIN[0m
  [1m[36mPatient Load (0.5ms)[0m  [1m[34mSELECT "patients".* FROM "patients" WHERE "patients"."id" = $1 LIMIT $2[0m  [["id", 7], ["LIMIT", 1]]
  [1m[36mDevice Create (1.1ms)[0m  [1m[32mINSERT INTO "devices" ("patient_id", "ankle_angle", "sva", "brace", "footwear", "created_at", "updated_at") VALUES ($1, $2, $3, $4, $5, $6, $7) RETURNING "id"[0m  [["patient_id", 7], ["ankle_angle", 10], ["sva", "10-12"], ["brace", "SAFO"], ["footwear", "Flat/Rounded Sole"], ["created_at", "2022-04-27 15:18:42.016590"], ["updated_at", "2022-04-27 15:18:42.016590"]]
  [1m[36mTRANSACTION (2.0ms)[0m  [1m[35mCOMMIT[0m
  [1m[36mTRANSACTION (0.4ms)[0m  [1m[35mBEGIN[0m
  [1m[36mPatient Load (1.0ms)[0m  [1m[34mSELECT "patients".* FROM "patients" WHERE "patients"."id" = $1 LIMIT $2[0m  [["id", 8], ["LIMIT", 1]]
  [1m[36mDevice Create (1.4ms)[0m  [1m[32mINSERT INTO "devices" ("patient_id", "ankle_angle", "sva", "brace", "footwear", "created_at", "updated_at") VALUES ($1, $2, $3, $4, $5, $6, $7) RETURNING "id"[0m  [["patient_id", 8], ["ankle_angle", 12], ["sva", "15-19"], ["brace", "SAFO with Free MPTJ"], ["footwear", "Point Loading Rocker"], ["created_at", "2022-04-27 15:18:42.028285"], ["updated_at", "2022-04-27 15:18:42.028285"]]
  [1m[36mTRANSACTION (0.5ms)[0m  [1m[35mCOMMIT[0m
  [1m[36mTRANSACTION (0.3ms)[0m  [1m[35mBEGIN[0m
  [1m[36mPatient Load (0.3ms)[0m  [1m[34mSELECT "patients".* FROM "patients" WHERE "patients"."id" = $1 LIMIT $2[0m  [["id", 10], ["LIMIT", 1]]
  [1m[36mDevice Create (0.6ms)[0m  [1m[32mINSERT INTO "devices" ("patient_id", "ankle_angle", "sva", "brace", "footwear", "created_at", "updated_at") VALUES ($1, $2, $3, $4, $5, $6, $7) RETURNING "id"[0m  [["patient_id", 10], ["ankle_angle", 15], ["sva", "14-15"], ["brace", "SAFO with Free MPTJ"], ["footwear", "Negative Heel"], ["created_at", "2022-04-27 15:18:42.037741"], ["updated_at", "2022-04-27 15:18:42.037741"]]
  [1m[36mTRANSACTION (0.7ms)[0m  [1m[35mCOMMIT[0m
  [1m[36mTRANSACTION (0.3ms)[0m  [1m[35mBEGIN[0m
  [1m[36mPatient Load (0.8ms)[0m  [1m[34mSELECT "patients".* FROM "patients" WHERE "patients"."id" = $1 LIMIT $2[0m  [["id", 2], ["LIMIT", 1]]
  [1m[36mDevice Create (0.6ms)[0m  [1m[32mINSERT INTO "devices" ("patient_id", "ankle_angle", "sva", "brace", "footwear", "created_at", "updated_at") VALUES ($1, $2, $3, $4, $5, $6, $7) RETURNING "id"[0m  [["patient_id", 2], ["ankle_angle", 3], ["sva", "14-15"], ["brace", "SAFO with Fixed MPTJ"], ["footwear", "Negative Heel"], ["created_at", "2022-04-27 15:18:42.049375"], ["updated_at", "2022-04-27 15:18:42.049375"]]
  [1m[36mTRANSACTION (0.7ms)[0m  [1m[35mCOMMIT[0m
  [1m[36mTRANSACTION (0.2ms)[0m  [1m[35mBEGIN[0m
  [1m[36mPatient Load (0.3ms)[0m  [1m[34mSELECT "patients".* FROM "patients" WHERE "patients"."id" = $1 LIMIT $2[0m  [["id", 1], ["LIMIT", 1]]
  [1m[36mDevice Create (0.8ms)[0m  [1m[32mINSERT INTO "devices" ("patient_id", "ankle_angle", "sva", "brace", "footwear", "created_at", "updated_at") VALUES ($1, $2, $3, $4, $5, $6, $7) RETURNING "id"[0m  [["patient_id", 1], ["ankle_angle", 10], ["sva", "10-12"], ["brace", "SAFO"], ["footwear", "Rocker Sole"], ["created_at", "2022-04-27 15:18:42.056782"], ["updated_at", "2022-04-27 15:18:42.056782"]]
  [1m[36mTRANSACTION (0.4ms)[0m  [1m[35mCOMMIT[0m
  [1m[36mTRANSACTION (0.2ms)[0m  [1m[35mBEGIN[0m
  [1m[36mPatient Load (0.2ms)[0m  [1m[34mSELECT "patients".* FROM "patients" WHERE "patients"."id" = $1 LIMIT $2[0m  [["id", 6], ["LIMIT", 1]]
  [1m[36mDevice Create (0.5ms)[0m  [1m[32mINSERT INTO "devices" ("patient_id", "ankle_angle", "sva", "brace", "footwear", "created_at", "updated_at") VALUES ($1, $2, $3, $4, $5, $6, $7) RETURNING "id"[0m  [["patient_id", 6], ["ankle_angle", 5], ["sva", "14-15"], ["brace", "SAFO"], ["footwear", "Plain Heel"], ["created_at", "2022-04-27 15:18:42.070515"], ["updated_at", "2022-04-27 15:18:42.070515"]]
  [1m[36mTRANSACTION (0.4ms)[0m  [1m[35mCOMMIT[0m
  [1m[36mTRANSACTION (1.1ms)[0m  [1m[35mBEGIN[0m
  [1m[36mPatient Load (0.4ms)[0m  [1m[34mSELECT "patients".* FROM "patients" WHERE "patients"."id" = $1 LIMIT $2[0m  [["id", 5], ["LIMIT", 1]]
  [1m[36mDevice Create (1.2ms)[0m  [1m[32mINSERT INTO "devices" ("patient_id", "ankle_angle", "sva", "brace", "footwear", "created_at", "updated_at") VALUES ($1, $2, $3, $4, $5, $6, $7) RETURNING "id"[0m  [["patient_id", 5], ["ankle_angle", 3], ["sva", "10-12"], ["brace", "SAFO"], ["footwear", "Rocker Sole"], ["created_at", "2022-04-27 15:18:42.080319"], ["updated_at", "2022-04-27 15:18:42.080319"]]
  [1m[36mTRANSACTION (0.4ms)[0m  [1m[35mCOMMIT[0m
  [1m[36mTRANSACTION (0.2ms)[0m  [1m[35mBEGIN[0m
  [1m[36mPatient Load (0.2ms)[0m  [1m[34mSELECT "patients".* FROM "patients" WHERE "patients"."id" = $1 LIMIT $2[0m  [["id", 1], ["LIMIT", 1]]
  [1m[36mDevice Create (0.4ms)[0m  [1m[32mINSERT INTO "devices" ("patient_id", "ankle_angle", "sva", "brace", "footwear", "created_at", "updated_at") VALUES ($1, $2, $3, $4, $5, $6, $7) RETURNING "id"[0m  [["patient_id", 1], ["ankle_angle", 8], ["sva", "15-19"], ["brace", "Articulated AFO"], ["footwear", "Negative Heel"], ["created_at", "2022-04-27 15:18:42.087859"], ["updated_at", "2022-04-27 15:18:42.087859"]]
  [1m[36mTRANSACTION (0.6ms)[0m  [1m[35mCOMMIT[0m
  [1m[36mUser Load (0.5ms)[0m  [1m[34mSELECT "users".* FROM "users" ORDER BY "users"."id" ASC LIMIT $1[0m  [["LIMIT", 1]]
  [1m[36mPatient Load (5.7ms)[0m  [1m[34mSELECT "patients".* FROM "patients" WHERE "patients"."user_id" = $1 /* loading for inspect */ LIMIT $2[0m  [["user_id", 1], ["LIMIT", 11]]
  [1m[36mPatient Load (0.3ms)[0m  [1m[34mSELECT "patients".* FROM "patients" ORDER BY "patients"."id" ASC LIMIT $1[0m  [["LIMIT", 1]]
  [1m[36mDevice Load (0.6ms)[0m  [1m[34mSELECT "devices".* FROM "devices" WHERE "devices"."patient_id" = $1 /* loading for inspect */ LIMIT $2[0m  [["patient_id", 1], ["LIMIT", 11]]
Started GET "/me" for 127.0.0.1 at 2022-04-27 14:50:08 -0400
  [1m[35m (0.9ms)[0m  [1m[34mSELECT "schema_migrations"."version" FROM "schema_migrations" ORDER BY "schema_migrations"."version" ASC[0m
Processing by UsersController#show as */*
  [1m[36mUser Load (36.8ms)[0m  [1m[34mSELECT "users".* FROM "users" WHERE "users"."id" IS NULL LIMIT $1[0m  [["LIMIT", 1]]
  ↳ app/controllers/application_controller.rb:11:in `authorize'
[active_model_serializers] Rendered ActiveModel::Serializer::Null with Hash (0.87ms)
Filter chain halted as :authorize rendered or redirected
Completed 401 Unauthorized in 61ms (Views: 4.9ms | ActiveRecord: 38.8ms | Allocations: 3638)


Started POST "/login" for 127.0.0.1 at 2022-04-27 14:50:21 -0400
Processing by SessionsController#create as */*
  Parameters: {"username"=>"Troy", "password"=>"[FILTERED]", "session"=>{"username"=>"Troy", "password"=>"[FILTERED]"}}
  [1m[36mUser Load (0.4ms)[0m  [1m[34mSELECT "users".* FROM "users" WHERE "users"."username" = $1 LIMIT $2[0m  [["username", "Troy"], ["LIMIT", 1]]
  ↳ app/controllers/sessions_controller.rb:5:in `create'
[active_model_serializers] Rendered UserSerializer with ActiveModelSerializers::Adapter::Attributes (0.72ms)
Completed 200 OK in 447ms (Views: 23.3ms | ActiveRecord: 31.3ms | Allocations: 7597)


Started DELETE "/logout" for 127.0.0.1 at 2022-04-27 14:50:25 -0400
Processing by SessionsController#destroy as */*
  [1m[36mUser Load (0.4ms)[0m  [1m[34mSELECT "users".* FROM "users" WHERE "users"."id" = $1 LIMIT $2[0m  [["id", 1], ["LIMIT", 1]]
  ↳ app/controllers/application_controller.rb:11:in `authorize'
Completed 204 No Content in 8ms (ActiveRecord: 0.4ms | Allocations: 737)


Started GET "/me" for 127.0.0.1 at 2022-04-27 14:54:06 -0400
Processing by UsersController#show as */*
  [1m[36mUser Load (1.1ms)[0m  [1m[34mSELECT "users".* FROM "users" WHERE "users"."id" IS NULL LIMIT $1[0m  [["LIMIT", 1]]
  ↳ app/controllers/application_controller.rb:11:in `authorize'
[active_model_serializers] Rendered ActiveModel::Serializer::Null with Hash (1.93ms)
Filter chain halted as :authorize rendered or redirected
Completed 401 Unauthorized in 10ms (Views: 3.3ms | ActiveRecord: 1.1ms | Allocations: 889)


Started GET "/me" for 127.0.0.1 at 2022-04-27 14:55:07 -0400
Processing by UsersController#show as */*
  [1m[36mUser Load (3.0ms)[0m  [1m[34mSELECT "users".* FROM "users" WHERE "users"."id" IS NULL LIMIT $1[0m  [["LIMIT", 1]]
  ↳ app/controllers/application_controller.rb:11:in `authorize'
[active_model_serializers] Rendered ActiveModel::Serializer::Null with Hash (0.11ms)
Filter chain halted as :authorize rendered or redirected
Completed 401 Unauthorized in 24ms (Views: 1.0ms | ActiveRecord: 3.0ms | Allocations: 878)


Started POST "/login" for 127.0.0.1 at 2022-04-27 14:55:21 -0400
Processing by SessionsController#create as */*
  Parameters: {"username"=>"Claire Manix", "password"=>"[FILTERED]", "session"=>{"username"=>"Claire Manix", "password"=>"[FILTERED]"}}
  [1m[36mUser Load (0.4ms)[0m  [1m[34mSELECT "users".* FROM "users" WHERE "users"."username" = $1 LIMIT $2[0m  [["username", "Claire Manix"], ["LIMIT", 1]]
  ↳ app/controllers/sessions_controller.rb:5:in `create'
[active_model_serializers] Rendered UserSerializer with ActiveModelSerializers::Adapter::Attributes (1.01ms)
Completed 200 OK in 360ms (Views: 1.7ms | ActiveRecord: 0.4ms | Allocations: 820)


Started DELETE "/logout" for 127.0.0.1 at 2022-04-27 14:55:25 -0400
Processing by SessionsController#destroy as */*
  [1m[36mUser Load (0.4ms)[0m  [1m[34mSELECT "users".* FROM "users" WHERE "users"."id" = $1 LIMIT $2[0m  [["id", 3], ["LIMIT", 1]]
  ↳ app/controllers/application_controller.rb:11:in `authorize'
Completed 204 No Content in 4ms (ActiveRecord: 0.4ms | Allocations: 620)


Started POST "/signup" for 127.0.0.1 at 2022-04-27 14:57:45 -0400
Processing by UsersController#create as */*
  Parameters: {"username"=>"Westin", "password"=>"[FILTERED]", "password_confirm"=>"[FILTERED]", "user"=>{"username"=>"Westin"}}
[31mUnpermitted parameters: :password_confirm, :user[0m
  [1m[36mTRANSACTION (0.3ms)[0m  [1m[35mBEGIN[0m
  ↳ app/controllers/users_controller.rb:20:in `create'
  [1m[36mUser Exists? (0.6ms)[0m  [1m[34mSELECT 1 AS one FROM "users" WHERE "users"."username" = $1 LIMIT $2[0m  [["username", "Westin"], ["LIMIT", 1]]
  ↳ app/controllers/users_controller.rb:20:in `create'
  [1m[36mUser Create (41.0ms)[0m  [1m[32mINSERT INTO "users" ("username", "password_digest", "created_at", "updated_at") VALUES ($1, $2, $3, $4) RETURNING "id"[0m  [["username", "Westin"], ["password_digest", "$2a$12$tipDp6Ob22ZITz/F2moFNOVdbDZoujUhdJxwbY6aW2OPfZ3SrATKO"], ["created_at", "2022-04-27 18:57:45.717208"], ["updated_at", "2022-04-27 18:57:45.717208"]]
  ↳ app/controllers/users_controller.rb:20:in `create'
  [1m[36mTRANSACTION (3.3ms)[0m  [1m[35mCOMMIT[0m
  ↳ app/controllers/users_controller.rb:20:in `create'
[active_model_serializers] Rendered UserSerializer with ActiveModelSerializers::Adapter::Attributes (0.21ms)
Completed 201 Created in 416ms (Views: 1.7ms | ActiveRecord: 45.2ms | Allocations: 3294)


Started DELETE "/logout" for 127.0.0.1 at 2022-04-27 15:32:59 -0400
Processing by SessionsController#destroy as */*
  [1m[36mUser Load (1.3ms)[0m  [1m[34mSELECT "users".* FROM "users" WHERE "users"."id" = $1 LIMIT $2[0m  [["id", 4], ["LIMIT", 1]]
  ↳ app/controllers/application_controller.rb:11:in `authorize'
Completed 204 No Content in 72ms (ActiveRecord: 17.5ms | Allocations: 3788)


Started GET "/me" for 127.0.0.1 at 2022-04-27 15:33:02 -0400
Processing by UsersController#show as */*
  [1m[36mUser Load (7.5ms)[0m  [1m[34mSELECT "users".* FROM "users" WHERE "users"."id" IS NULL LIMIT $1[0m  [["LIMIT", 1]]
  ↳ app/controllers/application_controller.rb:11:in `authorize'
[active_model_serializers] Rendered ActiveModel::Serializer::Null with Hash (0.09ms)
Filter chain halted as :authorize rendered or redirected
Completed 401 Unauthorized in 88ms (Views: 0.6ms | ActiveRecord: 7.5ms | Allocations: 881)


Started GET "/me" for 127.0.0.1 at 2022-04-27 15:34:40 -0400
Processing by UsersController#show as */*
  [1m[36mUser Load (0.4ms)[0m  [1m[34mSELECT "users".* FROM "users" WHERE "users"."id" IS NULL LIMIT $1[0m  [["LIMIT", 1]]
  ↳ app/controllers/application_controller.rb:11:in `authorize'
[active_model_serializers] Rendered ActiveModel::Serializer::Null with Hash (0.06ms)
Filter chain halted as :authorize rendered or redirected
Completed 401 Unauthorized in 6ms (Views: 0.4ms | ActiveRecord: 0.4ms | Allocations: 867)


Started GET "/me" for 127.0.0.1 at 2022-04-27 15:46:15 -0400
Processing by UsersController#show as */*
  [1m[36mUser Load (0.4ms)[0m  [1m[34mSELECT "users".* FROM "users" WHERE "users"."id" IS NULL LIMIT $1[0m  [["LIMIT", 1]]
  ↳ app/controllers/application_controller.rb:11:in `authorize'
[active_model_serializers] Rendered ActiveModel::Serializer::Null with Hash (0.12ms)
Filter chain halted as :authorize rendered or redirected
Completed 401 Unauthorized in 217ms (Views: 0.6ms | ActiveRecord: 101.5ms | Allocations: 4020)


Started POST "/login" for 127.0.0.1 at 2022-04-27 15:46:39 -0400
Processing by SessionsController#create as */*
  Parameters: {"username"=>"Anita", "password"=>"[FILTERED]", "session"=>{"username"=>"Anita", "password"=>"[FILTERED]"}}
  [1m[36mUser Load (0.4ms)[0m  [1m[34mSELECT "users".* FROM "users" WHERE "users"."username" = $1 LIMIT $2[0m  [["username", "Anita"], ["LIMIT", 1]]
  ↳ app/controllers/sessions_controller.rb:5:in `create'
[active_model_serializers] Rendered ActiveModel::Serializer::Null with Hash (0.08ms)
Completed 401 Unauthorized in 5ms (Views: 0.9ms | ActiveRecord: 0.4ms | Allocations: 602)


Started POST "/signup" for 127.0.0.1 at 2022-04-27 15:47:00 -0400
Processing by UsersController#create as */*
  Parameters: {"username"=>"Anita", "password"=>"[FILTERED]", "password_confirm"=>"[FILTERED]", "user"=>{"username"=>"Anita"}}
[31mUnpermitted parameters: :password_confirm, :user[0m
  [1m[36mTRANSACTION (0.2ms)[0m  [1m[35mBEGIN[0m
  ↳ app/controllers/users_controller.rb:20:in `create'
  [1m[36mUser Exists? (0.6ms)[0m  [1m[34mSELECT 1 AS one FROM "users" WHERE "users"."username" = $1 LIMIT $2[0m  [["username", "Anita"], ["LIMIT", 1]]
  ↳ app/controllers/users_controller.rb:20:in `create'
  [1m[36mUser Create (1.0ms)[0m  [1m[32mINSERT INTO "users" ("username", "password_digest", "created_at", "updated_at") VALUES ($1, $2, $3, $4) RETURNING "id"[0m  [["username", "Anita"], ["password_digest", "$2a$12$avol0h2Zm991GOEH0n3in.pz1841fwm/Q/dH41GhSCXNt5sic2xLO"], ["created_at", "2022-04-27 19:47:00.969627"], ["updated_at", "2022-04-27 19:47:00.969627"]]
  ↳ app/controllers/users_controller.rb:20:in `create'
  [1m[36mTRANSACTION (1.1ms)[0m  [1m[35mCOMMIT[0m
  ↳ app/controllers/users_controller.rb:20:in `create'
[active_model_serializers] Rendered UserSerializer with ActiveModelSerializers::Adapter::Attributes (0.19ms)
Completed 201 Created in 301ms (Views: 3.6ms | ActiveRecord: 2.9ms | Allocations: 2887)


Started GET "/me" for 127.0.0.1 at 2022-04-27 15:47:06 -0400
Processing by UsersController#show as */*
  [1m[36mUser Load (0.4ms)[0m  [1m[34mSELECT "users".* FROM "users" WHERE "users"."id" = $1 LIMIT $2[0m  [["id", 5], ["LIMIT", 1]]
  ↳ app/controllers/application_controller.rb:11:in `authorize'
[active_model_serializers] Rendered UserSerializer with ActiveModelSerializers::Adapter::Attributes (2.06ms)
Completed 200 OK in 7ms (Views: 2.6ms | ActiveRecord: 0.4ms | Allocations: 808)


Started GET "/me" for 127.0.0.1 at 2022-04-27 15:47:08 -0400
Processing by UsersController#show as */*
  [1m[36mUser Load (0.5ms)[0m  [1m[34mSELECT "users".* FROM "users" WHERE "users"."id" = $1 LIMIT $2[0m  [["id", 5], ["LIMIT", 1]]
  ↳ app/controllers/application_controller.rb:11:in `authorize'
[active_model_serializers] Rendered UserSerializer with ActiveModelSerializers::Adapter::Attributes (0.3ms)
Completed 200 OK in 90ms (Views: 1.1ms | ActiveRecord: 0.5ms | Allocations: 807)


Started DELETE "/logout" for 127.0.0.1 at 2022-04-27 15:47:10 -0400
Processing by SessionsController#destroy as */*
  [1m[36mUser Load (0.4ms)[0m  [1m[34mSELECT "users".* FROM "users" WHERE "users"."id" = $1 LIMIT $2[0m  [["id", 5], ["LIMIT", 1]]
  ↳ app/controllers/application_controller.rb:11:in `authorize'
Completed 204 No Content in 3ms (ActiveRecord: 0.4ms | Allocations: 610)


Started GET "/me" for 127.0.0.1 at 2022-04-27 15:47:11 -0400
Processing by UsersController#show as */*
  [1m[36mUser Load (0.3ms)[0m  [1m[34mSELECT "users".* FROM "users" WHERE "users"."id" IS NULL LIMIT $1[0m  [["LIMIT", 1]]
  ↳ app/controllers/application_controller.rb:11:in `authorize'
[active_model_serializers] Rendered ActiveModel::Serializer::Null with Hash (0.08ms)
Filter chain halted as :authorize rendered or redirected
Completed 401 Unauthorized in 11ms (Views: 0.9ms | ActiveRecord: 0.3ms | Allocations: 864)


Started POST "/login" for 127.0.0.1 at 2022-04-27 15:47:20 -0400
Processing by SessionsController#create as */*
  Parameters: {"username"=>"Anita", "password"=>"[FILTERED]", "session"=>{"username"=>"Anita", "password"=>"[FILTERED]"}}
  [1m[36mUser Load (2.9ms)[0m  [1m[34mSELECT "users".* FROM "users" WHERE "users"."username" = $1 LIMIT $2[0m  [["username", "Anita"], ["LIMIT", 1]]
  ↳ app/controllers/sessions_controller.rb:5:in `create'
[active_model_serializers] Rendered UserSerializer with ActiveModelSerializers::Adapter::Attributes (0.26ms)
Completed 200 OK in 317ms (Views: 1.0ms | ActiveRecord: 2.9ms | Allocations: 824)


Started DELETE "/logout" for 127.0.0.1 at 2022-04-27 15:47:22 -0400
Processing by SessionsController#destroy as */*
  [1m[36mUser Load (0.6ms)[0m  [1m[34mSELECT "users".* FROM "users" WHERE "users"."id" = $1 LIMIT $2[0m  [["id", 5], ["LIMIT", 1]]
  ↳ app/controllers/application_controller.rb:11:in `authorize'
Completed 204 No Content in 6ms (ActiveRecord: 0.6ms | Allocations: 616)


Started GET "/me" for 127.0.0.1 at 2022-04-27 15:48:25 -0400
Processing by UsersController#show as */*
  [1m[36mUser Load (3.0ms)[0m  [1m[34mSELECT "users".* FROM "users" WHERE "users"."id" IS NULL LIMIT $1[0m  [["LIMIT", 1]]
  ↳ app/controllers/application_controller.rb:11:in `authorize'
[active_model_serializers] Rendered ActiveModel::Serializer::Null with Hash (0.08ms)
Filter chain halted as :authorize rendered or redirected
Completed 401 Unauthorized in 28ms (Views: 1.0ms | ActiveRecord: 3.0ms | Allocations: 868)


Started GET "/me" for 127.0.0.1 at 2022-04-27 15:50:51 -0400
Processing by UsersController#show as */*
  [1m[36mUser Load (1.1ms)[0m  [1m[34mSELECT "users".* FROM "users" WHERE "users"."id" IS NULL LIMIT $1[0m  [["LIMIT", 1]]
  ↳ app/controllers/application_controller.rb:11:in `authorize'
[active_model_serializers] Rendered ActiveModel::Serializer::Null with Hash (0.08ms)
Filter chain halted as :authorize rendered or redirected
Completed 401 Unauthorized in 10ms (Views: 0.7ms | ActiveRecord: 1.1ms | Allocations: 866)


Started POST "/login" for 127.0.0.1 at 2022-04-27 15:50:58 -0400
Processing by SessionsController#create as */*
  Parameters: {"username"=>"Troy", "password"=>"[FILTERED]", "session"=>{"username"=>"Troy", "password"=>"[FILTERED]"}}
  [1m[36mUser Load (1.6ms)[0m  [1m[34mSELECT "users".* FROM "users" WHERE "users"."username" = $1 LIMIT $2[0m  [["username", "Troy"], ["LIMIT", 1]]
  ↳ app/controllers/sessions_controller.rb:5:in `create'
[active_model_serializers] Rendered UserSerializer with ActiveModelSerializers::Adapter::Attributes (0.72ms)
Completed 200 OK in 294ms (Views: 2.4ms | ActiveRecord: 1.6ms | Allocations: 830)


Started DELETE "/logout" for 127.0.0.1 at 2022-04-27 15:51:18 -0400
Processing by SessionsController#destroy as */*
  [1m[36mUser Load (0.4ms)[0m  [1m[34mSELECT "users".* FROM "users" WHERE "users"."id" = $1 LIMIT $2[0m  [["id", 1], ["LIMIT", 1]]
  ↳ app/controllers/application_controller.rb:11:in `authorize'
Completed 204 No Content in 3ms (ActiveRecord: 0.4ms | Allocations: 604)


Started GET "/me" for 127.0.0.1 at 2022-04-27 15:51:21 -0400
Processing by UsersController#show as */*
  [1m[36mUser Load (7.1ms)[0m  [1m[34mSELECT "users".* FROM "users" WHERE "users"."id" IS NULL LIMIT $1[0m  [["LIMIT", 1]]
  ↳ app/controllers/application_controller.rb:11:in `authorize'
[active_model_serializers] Rendered ActiveModel::Serializer::Null with Hash (0.12ms)
Filter chain halted as :authorize rendered or redirected
Completed 401 Unauthorized in 56ms (Views: 1.5ms | ActiveRecord: 7.1ms | Allocations: 872)


Started GET "/me" for 127.0.0.1 at 2022-04-27 15:52:04 -0400
Processing by UsersController#show as */*
  [1m[36mUser Load (6.6ms)[0m  [1m[34mSELECT "users".* FROM "users" WHERE "users"."id" IS NULL LIMIT $1[0m  [["LIMIT", 1]]
  ↳ app/controllers/application_controller.rb:11:in `authorize'
[active_model_serializers] Rendered ActiveModel::Serializer::Null with Hash (0.23ms)
Filter chain halted as :authorize rendered or redirected
Completed 401 Unauthorized in 26ms (Views: 1.4ms | ActiveRecord: 6.6ms | Allocations: 864)


Started POST "/login" for 127.0.0.1 at 2022-04-27 15:52:10 -0400
Processing by SessionsController#create as */*
  Parameters: {"username"=>"Troy", "password"=>"[FILTERED]", "session"=>{"username"=>"Troy", "password"=>"[FILTERED]"}}
  [1m[36mUser Load (4.8ms)[0m  [1m[34mSELECT "users".* FROM "users" WHERE "users"."username" = $1 LIMIT $2[0m  [["username", "Troy"], ["LIMIT", 1]]
  ↳ app/controllers/sessions_controller.rb:5:in `create'
[active_model_serializers] Rendered UserSerializer with ActiveModelSerializers::Adapter::Attributes (0.34ms)
Completed 200 OK in 304ms (Views: 1.0ms | ActiveRecord: 4.8ms | Allocations: 831)


Started DELETE "/logout" for 127.0.0.1 at 2022-04-27 15:52:19 -0400
Processing by SessionsController#destroy as */*
  [1m[36mUser Load (0.8ms)[0m  [1m[34mSELECT "users".* FROM "users" WHERE "users"."id" = $1 LIMIT $2[0m  [["id", 1], ["LIMIT", 1]]
  ↳ app/controllers/application_controller.rb:11:in `authorize'
Completed 204 No Content in 4ms (ActiveRecord: 0.8ms | Allocations: 608)


Started GET "/me" for 127.0.0.1 at 2022-04-27 15:52:55 -0400
Processing by UsersController#show as */*
  [1m[36mUser Load (5.9ms)[0m  [1m[34mSELECT "users".* FROM "users" WHERE "users"."id" IS NULL LIMIT $1[0m  [["LIMIT", 1]]
  ↳ app/controllers/application_controller.rb:11:in `authorize'
[active_model_serializers] Rendered ActiveModel::Serializer::Null with Hash (0.08ms)
Filter chain halted as :authorize rendered or redirected
Completed 401 Unauthorized in 19ms (Views: 0.5ms | ActiveRecord: 5.9ms | Allocations: 862)


Started POST "/signup" for 127.0.0.1 at 2022-04-27 15:53:28 -0400
Processing by UsersController#create as */*
  Parameters: {"username"=>"Trueboi", "password"=>"[FILTERED]", "password_confirm"=>"[FILTERED]", "user"=>{"username"=>"Trueboi"}}
[31mUnpermitted parameters: :password_confirm, :user[0m
  [1m[36mTRANSACTION (0.2ms)[0m  [1m[35mBEGIN[0m
  ↳ app/controllers/users_controller.rb:20:in `create'
  [1m[36mUser Exists? (1.1ms)[0m  [1m[34mSELECT 1 AS one FROM "users" WHERE "users"."username" = $1 LIMIT $2[0m  [["username", "Trueboi"], ["LIMIT", 1]]
  ↳ app/controllers/users_controller.rb:20:in `create'
  [1m[36mUser Create (1.0ms)[0m  [1m[32mINSERT INTO "users" ("username", "password_digest", "created_at", "updated_at") VALUES ($1, $2, $3, $4) RETURNING "id"[0m  [["username", "Trueboi"], ["password_digest", "$2a$12$qtsSqQSCstcohjdOk9.tI.h98p9Gl.TCmxu8YK2FYiWVlGp1ARTby"], ["created_at", "2022-04-27 19:53:28.394672"], ["updated_at", "2022-04-27 19:53:28.394672"]]
  ↳ app/controllers/users_controller.rb:20:in `create'
  [1m[36mTRANSACTION (3.4ms)[0m  [1m[35mCOMMIT[0m
  ↳ app/controllers/users_controller.rb:20:in `create'
[active_model_serializers] Rendered UserSerializer with ActiveModelSerializers::Adapter::Attributes (0.26ms)
Completed 201 Created in 328ms (Views: 0.8ms | ActiveRecord: 5.7ms | Allocations: 2863)


Started DELETE "/logout" for 127.0.0.1 at 2022-04-27 15:53:52 -0400
Processing by SessionsController#destroy as */*
  [1m[36mUser Load (0.3ms)[0m  [1m[34mSELECT "users".* FROM "users" WHERE "users"."id" = $1 LIMIT $2[0m  [["id", 6], ["LIMIT", 1]]
  ↳ app/controllers/application_controller.rb:11:in `authorize'
Completed 204 No Content in 3ms (ActiveRecord: 0.3ms | Allocations: 610)


Started GET "/me" for 127.0.0.1 at 2022-04-27 15:53:55 -0400
Processing by UsersController#show as */*
  [1m[36mUser Load (0.3ms)[0m  [1m[34mSELECT "users".* FROM "users" WHERE "users"."id" IS NULL LIMIT $1[0m  [["LIMIT", 1]]
  ↳ app/controllers/application_controller.rb:11:in `authorize'
[active_model_serializers] Rendered ActiveModel::Serializer::Null with Hash (0.09ms)
Filter chain halted as :authorize rendered or redirected
Completed 401 Unauthorized in 9ms (Views: 0.7ms | ActiveRecord: 0.3ms | Allocations: 862)


Started POST "/login" for 127.0.0.1 at 2022-04-27 15:54:08 -0400
Processing by SessionsController#create as */*
  Parameters: {"username"=>"Tueboi", "password"=>"[FILTERED]", "session"=>{"username"=>"Tueboi", "password"=>"[FILTERED]"}}
  [1m[36mUser Load (0.7ms)[0m  [1m[34mSELECT "users".* FROM "users" WHERE "users"."username" = $1 LIMIT $2[0m  [["username", "Tueboi"], ["LIMIT", 1]]
  ↳ app/controllers/sessions_controller.rb:5:in `create'
[active_model_serializers] Rendered ActiveModel::Serializer::Null with Hash (0.09ms)
Completed 401 Unauthorized in 5ms (Views: 0.5ms | ActiveRecord: 0.7ms | Allocations: 598)


Started POST "/login" for 127.0.0.1 at 2022-04-27 15:54:22 -0400
Processing by SessionsController#create as */*
  Parameters: {"username"=>"Trueboi", "password"=>"[FILTERED]", "session"=>{"username"=>"Trueboi", "password"=>"[FILTERED]"}}
  [1m[36mUser Load (0.9ms)[0m  [1m[34mSELECT "users".* FROM "users" WHERE "users"."username" = $1 LIMIT $2[0m  [["username", "Trueboi"], ["LIMIT", 1]]
  ↳ app/controllers/sessions_controller.rb:5:in `create'
[active_model_serializers] Rendered UserSerializer with ActiveModelSerializers::Adapter::Attributes (0.21ms)
Completed 200 OK in 266ms (Views: 0.7ms | ActiveRecord: 0.9ms | Allocations: 840)


Started GET "/me" for 127.0.0.1 at 2022-04-27 15:54:24 -0400
Processing by UsersController#show as */*
  [1m[36mUser Load (1.8ms)[0m  [1m[34mSELECT "users".* FROM "users" WHERE "users"."id" = $1 LIMIT $2[0m  [["id", 6], ["LIMIT", 1]]
  ↳ app/controllers/application_controller.rb:11:in `authorize'
[active_model_serializers] Rendered UserSerializer with ActiveModelSerializers::Adapter::Attributes (0.24ms)
Completed 200 OK in 6ms (Views: 0.8ms | ActiveRecord: 1.8ms | Allocations: 809)


Started DELETE "/logout" for 127.0.0.1 at 2022-04-27 15:54:25 -0400
Processing by SessionsController#destroy as */*
  [1m[36mUser Load (0.3ms)[0m  [1m[34mSELECT "users".* FROM "users" WHERE "users"."id" = $1 LIMIT $2[0m  [["id", 6], ["LIMIT", 1]]
  ↳ app/controllers/application_controller.rb:11:in `authorize'
Completed 204 No Content in 4ms (ActiveRecord: 0.3ms | Allocations: 606)


Started GET "/me" for 127.0.0.1 at 2022-04-27 15:54:29 -0400
Processing by UsersController#show as */*
  [1m[36mUser Load (5.0ms)[0m  [1m[34mSELECT "users".* FROM "users" WHERE "users"."id" IS NULL LIMIT $1[0m  [["LIMIT", 1]]
  ↳ app/controllers/application_controller.rb:11:in `authorize'
[active_model_serializers] Rendered ActiveModel::Serializer::Null with Hash (0.09ms)
Filter chain halted as :authorize rendered or redirected
Completed 401 Unauthorized in 9ms (Views: 1.2ms | ActiveRecord: 5.0ms | Allocations: 860)


